<?xml version="1.0" encoding="UTF-8"?>
<!-- Generated by org.testng.reporters.JUnitReportReporter -->
<testsuite skipped="0" hostname="DESKTOP-UHTQ991" name="com.shopclues.testscripts.TestRunner" tests="1" failures="0" timestamp="14 Aug 2020 18:38:56 GMT" time="15.818" errors="0">
  <testcase name="runScenario" time="15.818" classname="com.shopclues.testscripts.TestRunner"/>
</testsuite> <!-- com.shopclues.testscripts.TestRunner -->
